[debug] [2025-06-02T19:57:02.027Z] ----------------------------------------------------------------------
[debug] [2025-06-02T19:57:02.029Z] Command:       /home/caspar/.nvm/versions/node/v22.16.0/bin/node /home/caspar/.nvm/versions/node/v22.16.0/bin/firebase emulators:start --only auth --project demo-project
[debug] [2025-06-02T19:57:02.029Z] CLI Version:   14.5.1
[debug] [2025-06-02T19:57:02.029Z] Platform:      linux
[debug] [2025-06-02T19:57:02.030Z] Node Version:  v22.16.0
[debug] [2025-06-02T19:57:02.030Z] Time:          Mon Jun 02 2025 20:57:02 GMT+0100 (British Summer Time)
[debug] [2025-06-02T19:57:02.030Z] ----------------------------------------------------------------------
[debug] 
[info] i  emulators: Starting emulators: auth {"metadata":{"emulator":{"name":"hub"},"message":"Starting emulators: auth"}}
[info] i  emulators: Detected demo project ID "demo-project", emulated services will use a demo configuration and attempts to access non-emulated services for this project will fail. {"metadata":{"emulator":{"name":"hub"},"message":"Detected demo project ID \"demo-project\", emulated services will use a demo configuration and attempts to access non-emulated services for this project will fail."}}
[debug] [2025-06-02T19:57:02.265Z] [logging] Logging Emulator only supports listening on one address (127.0.0.1). Not listening on ::1
[debug] [2025-06-02T19:57:02.265Z] [auth] Authentication Emulator only supports listening on one address (127.0.0.1). Not listening on ::1
[debug] [2025-06-02T19:57:02.266Z] assigned listening specs for emulators {"user":{"hub":[{"address":"127.0.0.1","family":"IPv4","port":4400},{"address":"::1","family":"IPv6","port":4400}],"ui":[{"address":"127.0.0.1","family":"IPv4","port":4000},{"address":"::1","family":"IPv6","port":4000}],"logging":[{"address":"127.0.0.1","family":"IPv4","port":4500}],"auth":[{"address":"127.0.0.1","family":"IPv4","port":9099}]},"metadata":{"message":"assigned listening specs for emulators"}}
[debug] [2025-06-02T19:57:02.271Z] [hub] writing locator at /tmp/hub-demo-project.json
[info] i  ui: downloading ui-v1.15.0.zip... {"metadata":{"emulator":{"name":"ui"},"message":"downloading ui-v1.15.0.zip..."}}
[debug] [2025-06-02T19:57:08.681Z] >>> [apiv2][query] GET https://storage.googleapis.com/firebase-preview-drop/emulator/ui-v1.15.0.zip 
[debug] [2025-06-02T19:57:08.771Z] <<< [apiv2][status] GET https://storage.googleapis.com/firebase-preview-drop/emulator/ui-v1.15.0.zip 200
[debug] [2025-06-02T19:57:08.771Z] <<< [apiv2][body] GET https://storage.googleapis.com/firebase-preview-drop/emulator/ui-v1.15.0.zip [stream]
[debug] [2025-06-02T19:57:08.929Z] Data is 3538469
[debug] [2025-06-02T19:57:08.929Z] [unzip] Entry: client/ (compressed_size=0 bytes, uncompressed_size=0 bytes)
[debug] [2025-06-02T19:57:08.929Z] [unzip] Processing entry: client/
[debug] [2025-06-02T19:57:08.929Z] [unzip] mkdir: /home/caspar/.cache/firebase/emulators/ui-v1.15.0/client/
[debug] [2025-06-02T19:57:08.930Z] [unzip] Entry: client/favicon-16x16.png (compressed_size=293 bytes, uncompressed_size=293 bytes)
[debug] [2025-06-02T19:57:08.930Z] [unzip] Processing entry: client/favicon-16x16.png
[debug] [2025-06-02T19:57:08.930Z] [unzip] else mkdir: /home/caspar/.cache/firebase/emulators/ui-v1.15.0/client
[debug] [2025-06-02T19:57:08.930Z] [unzip] Writing file: /home/caspar/.cache/firebase/emulators/ui-v1.15.0/client/favicon-16x16.png
[debug] [2025-06-02T19:57:08.931Z] [unzip] Entry: client/safari-pinned-tab.svg (compressed_size=1433 bytes, uncompressed_size=2611 bytes)
[debug] [2025-06-02T19:57:08.931Z] [unzip] Processing entry: client/safari-pinned-tab.svg
[debug] [2025-06-02T19:57:08.931Z] [unzip] else mkdir: /home/caspar/.cache/firebase/emulators/ui-v1.15.0/client
[debug] [2025-06-02T19:57:08.931Z] [unzip] deflating: /home/caspar/.cache/firebase/emulators/ui-v1.15.0/client/safari-pinned-tab.svg
[debug] [2025-06-02T19:57:08.936Z] [unzip] Entry: client/favicon.ico (compressed_size=2933 bytes, uncompressed_size=13294 bytes)
[debug] [2025-06-02T19:57:08.936Z] [unzip] Processing entry: client/favicon.ico
[debug] [2025-06-02T19:57:08.936Z] [unzip] else mkdir: /home/caspar/.cache/firebase/emulators/ui-v1.15.0/client
[debug] [2025-06-02T19:57:08.937Z] [unzip] deflating: /home/caspar/.cache/firebase/emulators/ui-v1.15.0/client/favicon.ico
[debug] [2025-06-02T19:57:08.939Z] [unzip] Entry: client/index.html (compressed_size=1364 bytes, uncompressed_size=3071 bytes)
[debug] [2025-06-02T19:57:08.939Z] [unzip] Processing entry: client/index.html
[debug] [2025-06-02T19:57:08.939Z] [unzip] else mkdir: /home/caspar/.cache/firebase/emulators/ui-v1.15.0/client
[debug] [2025-06-02T19:57:08.939Z] [unzip] deflating: /home/caspar/.cache/firebase/emulators/ui-v1.15.0/client/index.html
[debug] [2025-06-02T19:57:08.940Z] [unzip] Entry: client/android-chrome-192x192.png (compressed_size=2684 bytes, uncompressed_size=2684 bytes)
[debug] [2025-06-02T19:57:08.941Z] [unzip] Processing entry: client/android-chrome-192x192.png
[debug] [2025-06-02T19:57:08.941Z] [unzip] else mkdir: /home/caspar/.cache/firebase/emulators/ui-v1.15.0/client
[debug] [2025-06-02T19:57:08.941Z] [unzip] Writing file: /home/caspar/.cache/firebase/emulators/ui-v1.15.0/client/android-chrome-192x192.png
[debug] [2025-06-02T19:57:08.941Z] [unzip] Entry: client/apple-touch-icon.png (compressed_size=2123 bytes, uncompressed_size=2152 bytes)
[debug] [2025-06-02T19:57:08.941Z] [unzip] Processing entry: client/apple-touch-icon.png
[debug] [2025-06-02T19:57:08.941Z] [unzip] else mkdir: /home/caspar/.cache/firebase/emulators/ui-v1.15.0/client
[debug] [2025-06-02T19:57:08.942Z] [unzip] deflating: /home/caspar/.cache/firebase/emulators/ui-v1.15.0/client/apple-touch-icon.png
[debug] [2025-06-02T19:57:08.943Z] [unzip] Entry: client/android-chrome-512x512.png (compressed_size=5369 bytes, uncompressed_size=5411 bytes)
[debug] [2025-06-02T19:57:08.944Z] [unzip] Processing entry: client/android-chrome-512x512.png
[debug] [2025-06-02T19:57:08.944Z] [unzip] else mkdir: /home/caspar/.cache/firebase/emulators/ui-v1.15.0/client
[debug] [2025-06-02T19:57:08.944Z] [unzip] deflating: /home/caspar/.cache/firebase/emulators/ui-v1.15.0/client/android-chrome-512x512.png
[debug] [2025-06-02T19:57:08.945Z] [unzip] Entry: client/manifest.json (compressed_size=245 bytes, uncompressed_size=551 bytes)
[debug] [2025-06-02T19:57:08.945Z] [unzip] Processing entry: client/manifest.json
[debug] [2025-06-02T19:57:08.945Z] [unzip] else mkdir: /home/caspar/.cache/firebase/emulators/ui-v1.15.0/client
[debug] [2025-06-02T19:57:08.946Z] [unzip] deflating: /home/caspar/.cache/firebase/emulators/ui-v1.15.0/client/manifest.json
[debug] [2025-06-02T19:57:08.947Z] [unzip] Entry: client/robots.txt (compressed_size=26 bytes, uncompressed_size=26 bytes)
[debug] [2025-06-02T19:57:08.947Z] [unzip] Processing entry: client/robots.txt
[debug] [2025-06-02T19:57:08.947Z] [unzip] else mkdir: /home/caspar/.cache/firebase/emulators/ui-v1.15.0/client
[debug] [2025-06-02T19:57:08.947Z] [unzip] Writing file: /home/caspar/.cache/firebase/emulators/ui-v1.15.0/client/robots.txt
[debug] [2025-06-02T19:57:08.947Z] [unzip] Entry: client/mstile-150x150.png (compressed_size=2034 bytes, uncompressed_size=2034 bytes)
[debug] [2025-06-02T19:57:08.947Z] [unzip] Processing entry: client/mstile-150x150.png
[debug] [2025-06-02T19:57:08.947Z] [unzip] else mkdir: /home/caspar/.cache/firebase/emulators/ui-v1.15.0/client
[debug] [2025-06-02T19:57:08.948Z] [unzip] Writing file: /home/caspar/.cache/firebase/emulators/ui-v1.15.0/client/mstile-150x150.png
[debug] [2025-06-02T19:57:08.948Z] [unzip] Entry: client/assets/ (compressed_size=0 bytes, uncompressed_size=0 bytes)
[debug] [2025-06-02T19:57:08.948Z] [unzip] Processing entry: client/assets/
[debug] [2025-06-02T19:57:08.948Z] [unzip] mkdir: /home/caspar/.cache/firebase/emulators/ui-v1.15.0/client/assets/
[debug] [2025-06-02T19:57:08.948Z] [unzip] Entry: client/assets/index-BX-A56oj.js (compressed_size=582089 bytes, uncompressed_size=2092775 bytes)
[debug] [2025-06-02T19:57:08.948Z] [unzip] Processing entry: client/assets/index-BX-A56oj.js
[debug] [2025-06-02T19:57:08.948Z] [unzip] else mkdir: /home/caspar/.cache/firebase/emulators/ui-v1.15.0/client/assets
[debug] [2025-06-02T19:57:08.948Z] [unzip] deflating: /home/caspar/.cache/firebase/emulators/ui-v1.15.0/client/assets/index-BX-A56oj.js
[debug] [2025-06-02T19:57:08.959Z] [unzip] Entry: client/assets/index-CjB9C900.css (compressed_size=35979 bytes, uncompressed_size=298654 bytes)
[debug] [2025-06-02T19:57:08.959Z] [unzip] Processing entry: client/assets/index-CjB9C900.css
[debug] [2025-06-02T19:57:08.959Z] [unzip] else mkdir: /home/caspar/.cache/firebase/emulators/ui-v1.15.0/client/assets
[debug] [2025-06-02T19:57:08.960Z] [unzip] deflating: /home/caspar/.cache/firebase/emulators/ui-v1.15.0/client/assets/index-CjB9C900.css
[debug] [2025-06-02T19:57:08.962Z] [unzip] Entry: client/assets/index-BX-A56oj.js.map (compressed_size=2362482 bytes, uncompressed_size=10036679 bytes)
[debug] [2025-06-02T19:57:08.962Z] [unzip] Processing entry: client/assets/index-BX-A56oj.js.map
[debug] [2025-06-02T19:57:08.962Z] [unzip] else mkdir: /home/caspar/.cache/firebase/emulators/ui-v1.15.0/client/assets
[debug] [2025-06-02T19:57:08.962Z] [unzip] deflating: /home/caspar/.cache/firebase/emulators/ui-v1.15.0/client/assets/index-BX-A56oj.js.map
[debug] [2025-06-02T19:57:09.016Z] [unzip] Entry: client/assets/extensions/ (compressed_size=0 bytes, uncompressed_size=0 bytes)
[debug] [2025-06-02T19:57:09.016Z] [unzip] Processing entry: client/assets/extensions/
[debug] [2025-06-02T19:57:09.016Z] [unzip] mkdir: /home/caspar/.cache/firebase/emulators/ui-v1.15.0/client/assets/extensions/
[debug] [2025-06-02T19:57:09.016Z] [unzip] Entry: client/assets/extensions/default-extension.png (compressed_size=1646 bytes, uncompressed_size=1657 bytes)
[debug] [2025-06-02T19:57:09.016Z] [unzip] Processing entry: client/assets/extensions/default-extension.png
[debug] [2025-06-02T19:57:09.016Z] [unzip] else mkdir: /home/caspar/.cache/firebase/emulators/ui-v1.15.0/client/assets/extensions
[debug] [2025-06-02T19:57:09.017Z] [unzip] deflating: /home/caspar/.cache/firebase/emulators/ui-v1.15.0/client/assets/extensions/default-extension.png
[debug] [2025-06-02T19:57:09.017Z] [unzip] Entry: client/assets/img/ (compressed_size=0 bytes, uncompressed_size=0 bytes)
[debug] [2025-06-02T19:57:09.017Z] [unzip] Processing entry: client/assets/img/
[debug] [2025-06-02T19:57:09.017Z] [unzip] mkdir: /home/caspar/.cache/firebase/emulators/ui-v1.15.0/client/assets/img/
[debug] [2025-06-02T19:57:09.018Z] [unzip] Entry: client/assets/img/database.png (compressed_size=29449 bytes, uncompressed_size=29988 bytes)
[debug] [2025-06-02T19:57:09.018Z] [unzip] Processing entry: client/assets/img/database.png
[debug] [2025-06-02T19:57:09.018Z] [unzip] else mkdir: /home/caspar/.cache/firebase/emulators/ui-v1.15.0/client/assets/img
[debug] [2025-06-02T19:57:09.018Z] [unzip] deflating: /home/caspar/.cache/firebase/emulators/ui-v1.15.0/client/assets/img/database.png
[debug] [2025-06-02T19:57:09.019Z] [unzip] Entry: client/assets/provider-icons/ (compressed_size=0 bytes, uncompressed_size=0 bytes)
[debug] [2025-06-02T19:57:09.019Z] [unzip] Processing entry: client/assets/provider-icons/
[debug] [2025-06-02T19:57:09.019Z] [unzip] mkdir: /home/caspar/.cache/firebase/emulators/ui-v1.15.0/client/assets/provider-icons/
[debug] [2025-06-02T19:57:09.019Z] [unzip] Entry: client/assets/provider-icons/auth_service_saml.svg (compressed_size=575 bytes, uncompressed_size=1226 bytes)
[debug] [2025-06-02T19:57:09.020Z] [unzip] Processing entry: client/assets/provider-icons/auth_service_saml.svg
[debug] [2025-06-02T19:57:09.020Z] [unzip] else mkdir: /home/caspar/.cache/firebase/emulators/ui-v1.15.0/client/assets/provider-icons
[debug] [2025-06-02T19:57:09.020Z] [unzip] deflating: /home/caspar/.cache/firebase/emulators/ui-v1.15.0/client/assets/provider-icons/auth_service_saml.svg
[debug] [2025-06-02T19:57:09.020Z] [unzip] Entry: client/assets/provider-icons/auth_service_phone.svg (compressed_size=261 bytes, uncompressed_size=414 bytes)
[debug] [2025-06-02T19:57:09.020Z] [unzip] Processing entry: client/assets/provider-icons/auth_service_phone.svg
[debug] [2025-06-02T19:57:09.020Z] [unzip] else mkdir: /home/caspar/.cache/firebase/emulators/ui-v1.15.0/client/assets/provider-icons
[debug] [2025-06-02T19:57:09.021Z] [unzip] deflating: /home/caspar/.cache/firebase/emulators/ui-v1.15.0/client/assets/provider-icons/auth_service_phone.svg
[debug] [2025-06-02T19:57:09.021Z] [unzip] Entry: client/assets/provider-icons/auth_service_facebook.svg (compressed_size=289 bytes, uncompressed_size=457 bytes)
[debug] [2025-06-02T19:57:09.022Z] [unzip] Processing entry: client/assets/provider-icons/auth_service_facebook.svg
[debug] [2025-06-02T19:57:09.022Z] [unzip] else mkdir: /home/caspar/.cache/firebase/emulators/ui-v1.15.0/client/assets/provider-icons
[debug] [2025-06-02T19:57:09.022Z] [unzip] deflating: /home/caspar/.cache/firebase/emulators/ui-v1.15.0/client/assets/provider-icons/auth_service_facebook.svg
[debug] [2025-06-02T19:57:09.023Z] [unzip] Entry: client/assets/provider-icons/auth_service_game_center.svg (compressed_size=991 bytes, uncompressed_size=3921 bytes)
[debug] [2025-06-02T19:57:09.023Z] [unzip] Processing entry: client/assets/provider-icons/auth_service_game_center.svg
[debug] [2025-06-02T19:57:09.023Z] [unzip] else mkdir: /home/caspar/.cache/firebase/emulators/ui-v1.15.0/client/assets/provider-icons
[debug] [2025-06-02T19:57:09.023Z] [unzip] deflating: /home/caspar/.cache/firebase/emulators/ui-v1.15.0/client/assets/provider-icons/auth_service_game_center.svg
[debug] [2025-06-02T19:57:09.024Z] [unzip] Entry: client/assets/provider-icons/auth_service_apple.svg (compressed_size=230 bytes, uncompressed_size=334 bytes)
[debug] [2025-06-02T19:57:09.025Z] [unzip] Processing entry: client/assets/provider-icons/auth_service_apple.svg
[debug] [2025-06-02T19:57:09.025Z] [unzip] else mkdir: /home/caspar/.cache/firebase/emulators/ui-v1.15.0/client/assets/provider-icons
[debug] [2025-06-02T19:57:09.025Z] [unzip] deflating: /home/caspar/.cache/firebase/emulators/ui-v1.15.0/client/assets/provider-icons/auth_service_apple.svg
[debug] [2025-06-02T19:57:09.026Z] [unzip] Entry: client/assets/provider-icons/auth_service_github.svg (compressed_size=466 bytes, uncompressed_size=838 bytes)
[debug] [2025-06-02T19:57:09.026Z] [unzip] Processing entry: client/assets/provider-icons/auth_service_github.svg
[debug] [2025-06-02T19:57:09.026Z] [unzip] else mkdir: /home/caspar/.cache/firebase/emulators/ui-v1.15.0/client/assets/provider-icons
[debug] [2025-06-02T19:57:09.026Z] [unzip] deflating: /home/caspar/.cache/firebase/emulators/ui-v1.15.0/client/assets/provider-icons/auth_service_github.svg
[debug] [2025-06-02T19:57:09.027Z] [unzip] Entry: client/assets/provider-icons/auth_service_mslive.svg (compressed_size=203 bytes, uncompressed_size=378 bytes)
[debug] [2025-06-02T19:57:09.027Z] [unzip] Processing entry: client/assets/provider-icons/auth_service_mslive.svg
[debug] [2025-06-02T19:57:09.027Z] [unzip] else mkdir: /home/caspar/.cache/firebase/emulators/ui-v1.15.0/client/assets/provider-icons
[debug] [2025-06-02T19:57:09.027Z] [unzip] deflating: /home/caspar/.cache/firebase/emulators/ui-v1.15.0/client/assets/provider-icons/auth_service_mslive.svg
[debug] [2025-06-02T19:57:09.028Z] [unzip] Entry: client/assets/provider-icons/auth_service_yahoo.svg (compressed_size=577 bytes, uncompressed_size=1182 bytes)
[debug] [2025-06-02T19:57:09.028Z] [unzip] Processing entry: client/assets/provider-icons/auth_service_yahoo.svg
[debug] [2025-06-02T19:57:09.028Z] [unzip] else mkdir: /home/caspar/.cache/firebase/emulators/ui-v1.15.0/client/assets/provider-icons
[debug] [2025-06-02T19:57:09.028Z] [unzip] deflating: /home/caspar/.cache/firebase/emulators/ui-v1.15.0/client/assets/provider-icons/auth_service_yahoo.svg
[debug] [2025-06-02T19:57:09.029Z] [unzip] Entry: client/assets/provider-icons/auth_service_twitter.svg (compressed_size=444 bytes, uncompressed_size=751 bytes)
[debug] [2025-06-02T19:57:09.029Z] [unzip] Processing entry: client/assets/provider-icons/auth_service_twitter.svg
[debug] [2025-06-02T19:57:09.029Z] [unzip] else mkdir: /home/caspar/.cache/firebase/emulators/ui-v1.15.0/client/assets/provider-icons
[debug] [2025-06-02T19:57:09.030Z] [unzip] deflating: /home/caspar/.cache/firebase/emulators/ui-v1.15.0/client/assets/provider-icons/auth_service_twitter.svg
[debug] [2025-06-02T19:57:09.030Z] [unzip] Entry: client/assets/provider-icons/auth_service_play_games.svg (compressed_size=565 bytes, uncompressed_size=1173 bytes)
[debug] [2025-06-02T19:57:09.030Z] [unzip] Processing entry: client/assets/provider-icons/auth_service_play_games.svg
[debug] [2025-06-02T19:57:09.030Z] [unzip] else mkdir: /home/caspar/.cache/firebase/emulators/ui-v1.15.0/client/assets/provider-icons
[debug] [2025-06-02T19:57:09.031Z] [unzip] deflating: /home/caspar/.cache/firebase/emulators/ui-v1.15.0/client/assets/provider-icons/auth_service_play_games.svg
[debug] [2025-06-02T19:57:09.032Z] [unzip] Entry: client/assets/provider-icons/auth_service_email.svg (compressed_size=228 bytes, uncompressed_size=326 bytes)
[debug] [2025-06-02T19:57:09.032Z] [unzip] Processing entry: client/assets/provider-icons/auth_service_email.svg
[debug] [2025-06-02T19:57:09.032Z] [unzip] else mkdir: /home/caspar/.cache/firebase/emulators/ui-v1.15.0/client/assets/provider-icons
[debug] [2025-06-02T19:57:09.032Z] [unzip] deflating: /home/caspar/.cache/firebase/emulators/ui-v1.15.0/client/assets/provider-icons/auth_service_email.svg
[debug] [2025-06-02T19:57:09.033Z] [unzip] Entry: client/assets/provider-icons/auth_service_google.svg (compressed_size=409 bytes, uncompressed_size=720 bytes)
[debug] [2025-06-02T19:57:09.033Z] [unzip] Processing entry: client/assets/provider-icons/auth_service_google.svg
[debug] [2025-06-02T19:57:09.033Z] [unzip] else mkdir: /home/caspar/.cache/firebase/emulators/ui-v1.15.0/client/assets/provider-icons
[debug] [2025-06-02T19:57:09.034Z] [unzip] deflating: /home/caspar/.cache/firebase/emulators/ui-v1.15.0/client/assets/provider-icons/auth_service_google.svg
[debug] [2025-06-02T19:57:09.035Z] [unzip] Entry: client/assets/provider-icons/auth_service_oidc.svg (compressed_size=414 bytes, uncompressed_size=858 bytes)
[debug] [2025-06-02T19:57:09.035Z] [unzip] Processing entry: client/assets/provider-icons/auth_service_oidc.svg
[debug] [2025-06-02T19:57:09.035Z] [unzip] else mkdir: /home/caspar/.cache/firebase/emulators/ui-v1.15.0/client/assets/provider-icons
[debug] [2025-06-02T19:57:09.035Z] [unzip] deflating: /home/caspar/.cache/firebase/emulators/ui-v1.15.0/client/assets/provider-icons/auth_service_oidc.svg
[debug] [2025-06-02T19:57:09.036Z] [unzip] Entry: client/browserconfig.xml (compressed_size=491 bytes, uncompressed_size=822 bytes)
[debug] [2025-06-02T19:57:09.036Z] [unzip] Processing entry: client/browserconfig.xml
[debug] [2025-06-02T19:57:09.036Z] [unzip] else mkdir: /home/caspar/.cache/firebase/emulators/ui-v1.15.0/client
[debug] [2025-06-02T19:57:09.037Z] [unzip] deflating: /home/caspar/.cache/firebase/emulators/ui-v1.15.0/client/browserconfig.xml
[debug] [2025-06-02T19:57:09.038Z] [unzip] Entry: client/favicon-32x32.png (compressed_size=475 bytes, uncompressed_size=475 bytes)
[debug] [2025-06-02T19:57:09.038Z] [unzip] Processing entry: client/favicon-32x32.png
[debug] [2025-06-02T19:57:09.038Z] [unzip] else mkdir: /home/caspar/.cache/firebase/emulators/ui-v1.15.0/client
[debug] [2025-06-02T19:57:09.038Z] [unzip] Writing file: /home/caspar/.cache/firebase/emulators/ui-v1.15.0/client/favicon-32x32.png
[debug] [2025-06-02T19:57:09.038Z] [unzip] Entry: server/ (compressed_size=0 bytes, uncompressed_size=0 bytes)
[debug] [2025-06-02T19:57:09.038Z] [unzip] Processing entry: server/
[debug] [2025-06-02T19:57:09.038Z] [unzip] mkdir: /home/caspar/.cache/firebase/emulators/ui-v1.15.0/server/
[debug] [2025-06-02T19:57:09.039Z] [unzip] Entry: server/server.mjs.map (compressed_size=217845 bytes, uncompressed_size=944978 bytes)
[debug] [2025-06-02T19:57:09.039Z] [unzip] Processing entry: server/server.mjs.map
[debug] [2025-06-02T19:57:09.039Z] [unzip] else mkdir: /home/caspar/.cache/firebase/emulators/ui-v1.15.0/server
[debug] [2025-06-02T19:57:09.039Z] [unzip] deflating: /home/caspar/.cache/firebase/emulators/ui-v1.15.0/server/server.mjs.map
[debug] [2025-06-02T19:57:09.044Z] [unzip] Entry: server/server.mjs (compressed_size=276407 bytes, uncompressed_size=933701 bytes)
[debug] [2025-06-02T19:57:09.044Z] [unzip] Processing entry: server/server.mjs
[debug] [2025-06-02T19:57:09.044Z] [unzip] else mkdir: /home/caspar/.cache/firebase/emulators/ui-v1.15.0/server
[debug] [2025-06-02T19:57:09.044Z] [unzip] deflating: /home/caspar/.cache/firebase/emulators/ui-v1.15.0/server/server.mjs
[debug] [2025-06-02T19:57:09.053Z] Could not find VSCode notification endpoint: FetchError: request to http://localhost:40001/vscode/notify failed, reason: connect ECONNREFUSED 127.0.0.1:40001. If you are not running the Firebase Data Connect VSCode extension, this is expected and not an issue.
[info] 
┌─────────────────────────────────────────────────────────────┐
│ ✔  All emulators ready! It is now safe to connect your app. │
│ i  View Emulator UI at http://127.0.0.1:4000/               │
└─────────────────────────────────────────────────────────────┘

┌────────────────┬────────────────┬────────────────────────────┐
│ Emulator       │ Host:Port      │ View in Emulator UI        │
├────────────────┼────────────────┼────────────────────────────┤
│ Authentication │ 127.0.0.1:9099 │ http://127.0.0.1:4000/auth │
└────────────────┴────────────────┴────────────────────────────┘
  Emulator Hub host: 127.0.0.1 port: 4400
  Other reserved ports: 4500

Issues? Report them at https://github.com/firebase/firebase-tools/issues and attach the *-debug.log files.
 
[debug] [2025-06-02T19:57:46.804Z] ----------------------------------------------------------------------
[debug] [2025-06-02T19:57:46.806Z] Command:       /home/caspar/.nvm/versions/node/v22.16.0/bin/node /home/caspar/.nvm/versions/node/v22.16.0/bin/firebase emulators:start --only auth --project demo-project
[debug] [2025-06-02T19:57:46.807Z] CLI Version:   14.5.1
[debug] [2025-06-02T19:57:46.807Z] Platform:      linux
[debug] [2025-06-02T19:57:46.807Z] Node Version:  v22.16.0
[debug] [2025-06-02T19:57:46.807Z] Time:          Mon Jun 02 2025 20:57:46 GMT+0100 (British Summer Time)
[debug] [2025-06-02T19:57:46.807Z] ----------------------------------------------------------------------
[debug] 
[info] i  emulators: Starting emulators: auth {"metadata":{"emulator":{"name":"hub"},"message":"Starting emulators: auth"}}
[info] i  emulators: Detected demo project ID "demo-project", emulated services will use a demo configuration and attempts to access non-emulated services for this project will fail. {"metadata":{"emulator":{"name":"hub"},"message":"Detected demo project ID \"demo-project\", emulated services will use a demo configuration and attempts to access non-emulated services for this project will fail."}}
[debug] [2025-06-02T19:57:47.052Z] [logging] Logging Emulator only supports listening on one address (127.0.0.1). Not listening on ::1
[debug] [2025-06-02T19:57:47.052Z] [auth] Authentication Emulator only supports listening on one address (127.0.0.1). Not listening on ::1
[debug] [2025-06-02T19:57:47.052Z] assigned listening specs for emulators {"user":{"hub":[{"address":"127.0.0.1","family":"IPv4","port":4400},{"address":"::1","family":"IPv6","port":4400}],"ui":[{"address":"127.0.0.1","family":"IPv4","port":4000},{"address":"::1","family":"IPv6","port":4000}],"logging":[{"address":"127.0.0.1","family":"IPv4","port":4500}],"auth":[{"address":"127.0.0.1","family":"IPv4","port":9099}]},"metadata":{"message":"assigned listening specs for emulators"}}
[warn] ⚠  emulators: It seems that you are running multiple instances of the emulator suite for project demo-project. This may result in unexpected behavior. 
[debug] [2025-06-02T19:57:47.057Z] [hub] writing locator at /tmp/hub-demo-project.json
[debug] [2025-06-02T19:57:53.207Z] Could not find VSCode notification endpoint: FetchError: request to http://localhost:40001/vscode/notify failed, reason: connect ECONNREFUSED 127.0.0.1:40001. If you are not running the Firebase Data Connect VSCode extension, this is expected and not an issue.
[info] 
┌─────────────────────────────────────────────────────────────┐
│ ✔  All emulators ready! It is now safe to connect your app. │
│ i  View Emulator UI at http://127.0.0.1:4000/               │
└─────────────────────────────────────────────────────────────┘

┌────────────────┬────────────────┬────────────────────────────┐
│ Emulator       │ Host:Port      │ View in Emulator UI        │
├────────────────┼────────────────┼────────────────────────────┤
│ Authentication │ 127.0.0.1:9099 │ http://127.0.0.1:4000/auth │
└────────────────┴────────────────┴────────────────────────────┘
  Emulator Hub host: 127.0.0.1 port: 4400
  Other reserved ports: 4500

Issues? Report them at https://github.com/firebase/firebase-tools/issues and attach the *-debug.log files.
 
